{"/home/mcl/Proyects/DAW-Proyecto/Backend/src/config/db.js": {"path":"/home/mcl/Proyects/DAW-Proyecto/Backend/src/config/db.js","statementMap":{"0":{"start":{"line":2,"column":17},"end":{"line":2,"column":30}},"1":{"start":{"line":4,"column":0},"end":{"line":4,"column":27}},"2":{"start":{"line":6,"column":13},"end":{"line":16,"column":2}},"3":{"start":{"line":18,"column":0},"end":{"line":21,"column":3}},"4":{"start":{"line":19,"column":2},"end":{"line":19,"column":67}},"5":{"start":{"line":20,"column":2},"end":{"line":20,"column":19}},"6":{"start":{"line":24,"column":0},"end":{"line":24,"column":22}}},"fnMap":{"0":{"name":"(anonymous_0)","decl":{"start":{"line":18,"column":17},"end":{"line":18,"column":18}},"loc":{"start":{"line":18,"column":26},"end":{"line":21,"column":1}},"line":18}},"branchMap":{},"s":{"0":2,"1":2,"2":2,"3":2,"4":0,"5":0,"6":2},"f":{"0":0},"b":{},"_coverageSchema":"1a1c01bbd47fc00a2c39e90264f33305004495a9","hash":"6b31a3b9f06cf213146ff428e2cd75482c716f38"}
,"/home/mcl/Proyects/DAW-Proyecto/Backend/src/models/Proveedor.js": {"path":"/home/mcl/Proyects/DAW-Proyecto/Backend/src/models/Proveedor.js","statementMap":{"0":{"start":{"line":1,"column":13},"end":{"line":1,"column":36}},"1":{"start":{"line":3,"column":25},"end":{"line":3,"column":96}},"2":{"start":{"line":5,"column":18},"end":{"line":69,"column":1}},"3":{"start":{"line":8,"column":4},"end":{"line":10,"column":5}},"4":{"start":{"line":9,"column":6},"end":{"line":9,"column":68}},"5":{"start":{"line":11,"column":18},"end":{"line":15,"column":5}},"6":{"start":{"line":16,"column":19},"end":{"line":16,"column":130}},"7":{"start":{"line":17,"column":21},"end":{"line":17,"column":52}},"8":{"start":{"line":18,"column":4},"end":{"line":18,"column":19}},"9":{"start":{"line":23,"column":18},"end":{"line":23,"column":44}},"10":{"start":{"line":24,"column":21},"end":{"line":24,"column":44}},"11":{"start":{"line":25,"column":4},"end":{"line":25,"column":16}},"12":{"start":{"line":30,"column":18},"end":{"line":30,"column":68}},"13":{"start":{"line":31,"column":21},"end":{"line":31,"column":50}},"14":{"start":{"line":32,"column":4},"end":{"line":32,"column":19}},"15":{"start":{"line":37,"column":4},"end":{"line":39,"column":5}},"16":{"start":{"line":38,"column":6},"end":{"line":38,"column":68}},"17":{"start":{"line":40,"column":18},"end":{"line":45,"column":5}},"18":{"start":{"line":46,"column":19},"end":{"line":46,"column":134}},"19":{"start":{"line":47,"column":21},"end":{"line":47,"column":52}},"20":{"start":{"line":48,"column":4},"end":{"line":48,"column":19}},"21":{"start":{"line":53,"column":18},"end":{"line":53,"column":66}},"22":{"start":{"line":54,"column":4},"end":{"line":54,"column":34}},"23":{"start":{"line":59,"column":18},"end":{"line":64,"column":5}},"24":{"start":{"line":65,"column":19},"end":{"line":65,"column":33}},"25":{"start":{"line":66,"column":21},"end":{"line":66,"column":52}},"26":{"start":{"line":67,"column":4},"end":{"line":67,"column":19}},"27":{"start":{"line":71,"column":0},"end":{"line":71,"column":27}}},"fnMap":{"0":{"name":"(anonymous_0)","decl":{"start":{"line":7,"column":2},"end":{"line":7,"column":3}},"loc":{"start":{"line":7,"column":126},"end":{"line":19,"column":3}},"line":7},"1":{"name":"(anonymous_1)","decl":{"start":{"line":22,"column":2},"end":{"line":22,"column":3}},"loc":{"start":{"line":22,"column":18},"end":{"line":26,"column":3}},"line":22},"2":{"name":"(anonymous_2)","decl":{"start":{"line":29,"column":2},"end":{"line":29,"column":3}},"loc":{"start":{"line":29,"column":21},"end":{"line":33,"column":3}},"line":29},"3":{"name":"(anonymous_3)","decl":{"start":{"line":36,"column":2},"end":{"line":36,"column":3}},"loc":{"start":{"line":36,"column":130},"end":{"line":49,"column":3}},"line":36},"4":{"name":"(anonymous_4)","decl":{"start":{"line":52,"column":2},"end":{"line":52,"column":3}},"loc":{"start":{"line":52,"column":19},"end":{"line":55,"column":3}},"line":52},"5":{"name":"(anonymous_5)","decl":{"start":{"line":58,"column":2},"end":{"line":58,"column":3}},"loc":{"start":{"line":58,"column":41},"end":{"line":68,"column":3}},"line":58}},"branchMap":{"0":{"loc":{"start":{"line":8,"column":4},"end":{"line":10,"column":5}},"type":"if","locations":[{"start":{"line":8,"column":4},"end":{"line":10,"column":5}},{"start":{},"end":{}}],"line":8},"1":{"loc":{"start":{"line":8,"column":8},"end":{"line":8,"column":97}},"type":"binary-expr","locations":[{"start":{"line":8,"column":8},"end":{"line":8,"column":37}},{"start":{"line":8,"column":41},"end":{"line":8,"column":97}}],"line":8},"2":{"loc":{"start":{"line":37,"column":4},"end":{"line":39,"column":5}},"type":"if","locations":[{"start":{"line":37,"column":4},"end":{"line":39,"column":5}},{"start":{},"end":{}}],"line":37}},"s":{"0":1,"1":1,"2":1,"3":8,"4":0,"5":8,"6":8,"7":8,"8":8,"9":1,"10":1,"11":1,"12":2,"13":2,"14":2,"15":1,"16":0,"17":1,"18":1,"19":1,"20":1,"21":8,"22":8,"23":2,"24":2,"25":2,"26":2,"27":1},"f":{"0":8,"1":1,"2":2,"3":1,"4":8,"5":2},"b":{"0":[0,8],"1":[8,8],"2":[0,1]},"_coverageSchema":"1a1c01bbd47fc00a2c39e90264f33305004495a9","hash":"03f2c3b99ab1af8737d2efe17e8347649bd5ba27"}
,"/home/mcl/Proyects/DAW-Proyecto/Backend/src/models/Usuario.js": {"path":"/home/mcl/Proyects/DAW-Proyecto/Backend/src/models/Usuario.js","statementMap":{"0":{"start":{"line":1,"column":15},"end":{"line":1,"column":34}},"1":{"start":{"line":2,"column":13},"end":{"line":2,"column":36}},"2":{"start":{"line":4,"column":16},"end":{"line":103,"column":1}},"3":{"start":{"line":7,"column":4},"end":{"line":7,"column":52}},"4":{"start":{"line":12,"column":27},"end":{"line":12,"column":58}},"5":{"start":{"line":13,"column":18},"end":{"line":17,"column":5}},"6":{"start":{"line":18,"column":19},"end":{"line":18,"column":63}},"7":{"start":{"line":19,"column":21},"end":{"line":19,"column":52}},"8":{"start":{"line":20,"column":4},"end":{"line":20,"column":19}},"9":{"start":{"line":25,"column":18},"end":{"line":30,"column":5}},"10":{"start":{"line":31,"column":19},"end":{"line":31,"column":31}},"11":{"start":{"line":32,"column":21},"end":{"line":32,"column":52}},"12":{"start":{"line":33,"column":4},"end":{"line":33,"column":19}},"13":{"start":{"line":38,"column":18},"end":{"line":41,"column":5}},"14":{"start":{"line":42,"column":19},"end":{"line":42,"column":33}},"15":{"start":{"line":43,"column":21},"end":{"line":43,"column":52}},"16":{"start":{"line":44,"column":4},"end":{"line":44,"column":19}},"17":{"start":{"line":49,"column":18},"end":{"line":49,"column":42}},"18":{"start":{"line":50,"column":21},"end":{"line":50,"column":44}},"19":{"start":{"line":51,"column":4},"end":{"line":51,"column":16}},"20":{"start":{"line":56,"column":18},"end":{"line":56,"column":64}},"21":{"start":{"line":57,"column":21},"end":{"line":57,"column":50}},"22":{"start":{"line":58,"column":4},"end":{"line":58,"column":44}},"23":{"start":{"line":63,"column":18},"end":{"line":68,"column":5}},"24":{"start":{"line":69,"column":19},"end":{"line":69,"column":51}},"25":{"start":{"line":70,"column":21},"end":{"line":70,"column":52}},"26":{"start":{"line":71,"column":4},"end":{"line":71,"column":44}},"27":{"start":{"line":76,"column":27},"end":{"line":76,"column":63}},"28":{"start":{"line":77,"column":18},"end":{"line":82,"column":5}},"29":{"start":{"line":83,"column":21},"end":{"line":83,"column":66}},"30":{"start":{"line":84,"column":4},"end":{"line":84,"column":19}},"31":{"start":{"line":89,"column":18},"end":{"line":89,"column":74}},"32":{"start":{"line":90,"column":21},"end":{"line":90,"column":50}},"33":{"start":{"line":91,"column":4},"end":{"line":91,"column":44}},"34":{"start":{"line":95,"column":18},"end":{"line":99,"column":5}},"35":{"start":{"line":100,"column":21},"end":{"line":100,"column":58}},"36":{"start":{"line":101,"column":4},"end":{"line":101,"column":42}},"37":{"start":{"line":105,"column":0},"end":{"line":105,"column":25}}},"fnMap":{"0":{"name":"(anonymous_0)","decl":{"start":{"line":6,"column":2},"end":{"line":6,"column":3}},"loc":{"start":{"line":6,"column":49},"end":{"line":8,"column":3}},"line":6},"1":{"name":"(anonymous_1)","decl":{"start":{"line":11,"column":2},"end":{"line":11,"column":3}},"loc":{"start":{"line":11,"column":53},"end":{"line":21,"column":3}},"line":11},"2":{"name":"(anonymous_2)","decl":{"start":{"line":24,"column":2},"end":{"line":24,"column":3}},"loc":{"start":{"line":24,"column":37},"end":{"line":34,"column":3}},"line":24},"3":{"name":"(anonymous_3)","decl":{"start":{"line":37,"column":2},"end":{"line":37,"column":3}},"loc":{"start":{"line":37,"column":42},"end":{"line":45,"column":3}},"line":37},"4":{"name":"(anonymous_4)","decl":{"start":{"line":48,"column":2},"end":{"line":48,"column":3}},"loc":{"start":{"line":48,"column":18},"end":{"line":52,"column":3}},"line":48},"5":{"name":"(anonymous_5)","decl":{"start":{"line":55,"column":2},"end":{"line":55,"column":3}},"loc":{"start":{"line":55,"column":21},"end":{"line":59,"column":3}},"line":55},"6":{"name":"(anonymous_6)","decl":{"start":{"line":62,"column":2},"end":{"line":62,"column":3}},"loc":{"start":{"line":62,"column":47},"end":{"line":72,"column":3}},"line":62},"7":{"name":"(anonymous_7)","decl":{"start":{"line":75,"column":2},"end":{"line":75,"column":3}},"loc":{"start":{"line":75,"column":42},"end":{"line":85,"column":3}},"line":75},"8":{"name":"(anonymous_8)","decl":{"start":{"line":88,"column":2},"end":{"line":88,"column":3}},"loc":{"start":{"line":88,"column":19},"end":{"line":92,"column":3}},"line":88},"9":{"name":"(anonymous_9)","decl":{"start":{"line":94,"column":2},"end":{"line":94,"column":3}},"loc":{"start":{"line":94,"column":34},"end":{"line":102,"column":3}},"line":94}},"branchMap":{"0":{"loc":{"start":{"line":58,"column":11},"end":{"line":58,"column":43}},"type":"cond-expr","locations":[{"start":{"line":58,"column":29},"end":{"line":58,"column":36}},{"start":{"line":58,"column":39},"end":{"line":58,"column":43}}],"line":58},"1":{"loc":{"start":{"line":71,"column":11},"end":{"line":71,"column":43}},"type":"cond-expr","locations":[{"start":{"line":71,"column":29},"end":{"line":71,"column":36}},{"start":{"line":71,"column":39},"end":{"line":71,"column":43}}],"line":71},"2":{"loc":{"start":{"line":91,"column":11},"end":{"line":91,"column":43}},"type":"cond-expr","locations":[{"start":{"line":91,"column":29},"end":{"line":91,"column":36}},{"start":{"line":91,"column":39},"end":{"line":91,"column":43}}],"line":91},"3":{"loc":{"start":{"line":101,"column":11},"end":{"line":101,"column":41}},"type":"binary-expr","locations":[{"start":{"line":101,"column":11},"end":{"line":101,"column":36}},{"start":{"line":101,"column":40},"end":{"line":101,"column":41}}],"line":101}},"s":{"0":1,"1":1,"2":1,"3":1,"4":7,"5":7,"6":7,"7":7,"8":7,"9":2,"10":2,"11":2,"12":2,"13":0,"14":0,"15":0,"16":0,"17":1,"18":1,"19":1,"20":3,"21":3,"22":3,"23":1,"24":1,"25":1,"26":1,"27":0,"28":0,"29":0,"30":0,"31":7,"32":7,"33":7,"34":1,"35":1,"36":1,"37":1},"f":{"0":1,"1":7,"2":2,"3":0,"4":1,"5":3,"6":1,"7":0,"8":7,"9":1},"b":{"0":[2,1],"1":[1,0],"2":[6,1],"3":[1,1]},"_coverageSchema":"1a1c01bbd47fc00a2c39e90264f33305004495a9","hash":"15d6329cce237b3ba510722d3404d751c6e2d2c3"}
}
