TN:
SF:src/config/db.js
FN:18,(anonymous_0)
FNF:1
FNH:0
FNDA:0,(anonymous_0)
DA:2,2
DA:4,2
DA:6,2
DA:18,2
DA:19,0
DA:20,0
DA:24,2
LF:7
LH:5
BRF:0
BRH:0
end_of_record
TN:
SF:src/models/Proveedor.js
FN:7,(anonymous_0)
FN:22,(anonymous_1)
FN:29,(anonymous_2)
FN:36,(anonymous_3)
FN:52,(anonymous_4)
FN:58,(anonymous_5)
FNF:6
FNH:6
FNDA:8,(anonymous_0)
FNDA:1,(anonymous_1)
FNDA:2,(anonymous_2)
FNDA:1,(anonymous_3)
FNDA:8,(anonymous_4)
FNDA:2,(anonymous_5)
DA:1,1
DA:3,1
DA:5,1
DA:8,8
DA:9,0
DA:11,8
DA:16,8
DA:17,8
DA:18,8
DA:23,1
DA:24,1
DA:25,1
DA:30,2
DA:31,2
DA:32,2
DA:37,1
DA:38,0
DA:40,1
DA:46,1
DA:47,1
DA:48,1
DA:53,8
DA:54,8
DA:59,2
DA:65,2
DA:66,2
DA:67,2
DA:71,1
LF:28
LH:26
BRDA:8,0,0,0
BRDA:8,0,1,8
BRDA:8,1,0,8
BRDA:8,1,1,8
BRDA:37,2,0,0
BRDA:37,2,1,1
BRF:6
BRH:4
end_of_record
TN:
SF:src/models/Usuario.js
FN:6,(anonymous_0)
FN:11,(anonymous_1)
FN:24,(anonymous_2)
FN:37,(anonymous_3)
FN:48,(anonymous_4)
FN:55,(anonymous_5)
FN:62,(anonymous_6)
FN:75,(anonymous_7)
FN:88,(anonymous_8)
FN:94,(anonymous_9)
FNF:10
FNH:8
FNDA:1,(anonymous_0)
FNDA:7,(anonymous_1)
FNDA:2,(anonymous_2)
FNDA:0,(anonymous_3)
FNDA:1,(anonymous_4)
FNDA:3,(anonymous_5)
FNDA:1,(anonymous_6)
FNDA:0,(anonymous_7)
FNDA:7,(anonymous_8)
FNDA:1,(anonymous_9)
DA:1,1
DA:2,1
DA:4,1
DA:7,1
DA:12,7
DA:13,7
DA:18,7
DA:19,7
DA:20,7
DA:25,2
DA:31,2
DA:32,2
DA:33,2
DA:38,0
DA:42,0
DA:43,0
DA:44,0
DA:49,1
DA:50,1
DA:51,1
DA:56,3
DA:57,3
DA:58,3
DA:63,1
DA:69,1
DA:70,1
DA:71,1
DA:76,0
DA:77,0
DA:83,0
DA:84,0
DA:89,7
DA:90,7
DA:91,7
DA:95,1
DA:100,1
DA:101,1
DA:105,1
LF:38
LH:30
BRDA:58,0,0,2
BRDA:58,0,1,1
BRDA:71,1,0,1
BRDA:71,1,1,0
BRDA:91,2,0,6
BRDA:91,2,1,1
BRDA:101,3,0,1
BRDA:101,3,1,1
BRF:8
BRH:7
end_of_record
